<?xml version="1.0" encoding="UTF-8"?>
<!-- Generated by org.testng.reporters.JUnitReportReporter -->
<testsuite hostname="Gopimanisri" failures="0" tests="1" name="pageobject.SearchPage" time="15.530" errors="0" timestamp="2021-11-22T10:46:47 IST" skipped="0">
  <testcase classname="pageobject.SearchPage" name="SearchBar" time="15.530"/>
  <system-out/>
</testsuite> <!-- pageobject.SearchPage -->
