<?xml version="1.0" encoding="UTF-8"?>
<!-- Generated by org.testng.reporters.JUnitReportReporter -->
<testsuite hostname="Gopimanisri" failures="0" tests="8" name="runner.TestRunner" time="338.378" errors="0" timestamp="2021-11-22T10:46:48 IST" skipped="0">
  <testcase classname="runner.TestRunner" name="runScenario" time="35.568"/>
  <system-out/>
  <testcase classname="runner.TestRunner" name="runScenario" time="29.498"/>
  <system-out/>
  <testcase classname="runner.TestRunner" name="runScenario" time="53.437"/>
  <system-out/>
  <testcase classname="runner.TestRunner" name="runScenario" time="28.304"/>
  <system-out/>
  <testcase classname="runner.TestRunner" name="runScenario" time="22.323"/>
  <system-out/>
  <testcase classname="runner.TestRunner" name="runScenario" time="37.702"/>
  <system-out/>
  <testcase classname="runner.TestRunner" name="runScenario" time="31.053"/>
  <system-out/>
  <testcase classname="runner.TestRunner" name="runScenario" time="100.493"/>
  <system-out/>
</testsuite> <!-- runner.TestRunner -->
